<?xml version="1.0" encoding="UTF-8"?>
<testsuite name="app.service.WeatherServiceImplTest" tests="1" skipped="0" failures="0" errors="0" timestamp="2025-08-30T15:32:08.532Z" hostname="shadowprice-swift" time="0.851">
  <properties/>
  <testcase name="testGetNextDayForecast()" classname="app.service.WeatherServiceImplTest" time="0.851"/>
  <system-out><![CDATA[]]></system-out>
  <system-err><![CDATA[]]></system-err>
</testsuite>
